Added Differential Pair: Name=D_GTX_REFCLK
Added Differential Pair: Name=D_HPCC_A_01
Added Differential Pair: Name=D_HPCC_A_02
Added Differential Pair: Name=D_HPCC_A_03
Added Differential Pair: Name=D_HPCC_A_04
Added Differential Pair: Name=D_HPCC_A_05
Added Differential Pair: Name=D_HPCC_A_06
Added Differential Pair: Name=D_HPCC_A_07
Added Differential Pair: Name=D_HPCC_A_08
Added Differential Pair: Name=D_HPCC_A_09
Added Differential Pair: Name=D_HPCC_A_10
Added Differential Pair: Name=D_HPCC_A_11
Added Differential Pair: Name=D_HPCC_A_12
Added Differential Pair: Name=D_HPCC_A_13
Added Differential Pair: Name=D_HPCC_A_14
Added Differential Pair: Name=D_HPCC_A_15
Added Differential Pair: Name=D_QSFP_A_RX1
Added Differential Pair: Name=D_QSFP_A_RX2
Added Differential Pair: Name=D_QSFP_A_RX3
Added Differential Pair: Name=D_QSFP_A_RX4
Added Differential Pair: Name=D_QSFP_A_TX1
Added Differential Pair: Name=D_QSFP_A_TX2
Added Differential Pair: Name=D_QSFP_A_TX3
Added Differential Pair: Name=D_QSFP_A_TX4
Added Differential Pair: Name=D_QSFP_B_RX1
Added Differential Pair: Name=D_QSFP_B_RX2
Added Differential Pair: Name=D_QSFP_B_RX3
Added Differential Pair: Name=D_QSFP_B_RX4
Added Differential Pair: Name=D_QSFP_B_TX1
Added Differential Pair: Name=D_QSFP_B_TX2
Added Differential Pair: Name=D_QSFP_B_TX3
Added Differential Pair: Name=D_QSFP_B_TX4
