Remove Pin=U3E-A8 From Net=HPCC_B_57_N
Remove Pin=U3E-A9 From Net=HPCC_B_57_P
Remove Pin=U3E-A10 From Net=HPCC_B_70_N
Remove Pin=U3E-A12 From Net=HPCC_B_72_N
Remove Pin=U3E-A13 From Net=HPCC_B_72_P
Remove Pin=U3E-A14 From Net=HPCC_B_69_N
Remove Pin=U3E-A15 From Net=HPCC_B_71_N
Remove Pin=U3D-A17 From Net=HPCC_B_27_N
Remove Pin=U3D-A18 From Net=HPCC_B_26_P
Remove Pin=U3D-A19 From Net=HPCC_B_26_N
Remove Pin=U3H-AA2 From Net=HPCC_A_60_N
Remove Pin=U3H-AA3 From Net=HPCC_A_60_P
Remove Pin=U3H-AA4 From Net=HPCC_A_61_P
Remove Pin=U3H-AA5 From Net=HPCC_A_63_P
Remove Pin=U3G-AA7 From Net=HPCC_A_32_N
Remove Pin=U3G-AA8 From Net=HPCC_A_32_P
Remove Pin=U3G-AA9 From Net=HPCC_A_35_P
Remove Pin=U3G-AA10 From Net=HPCC_A_38_P
Remove Pin=U3G-AA12 From Net=HPCC_A_40_N
Remove Pin=U3G-AA13 From Net=HPCC_A_40_P
Remove Pin=U3F-AA14 From Net=HPCC_A_07_P
Remove Pin=U3F-AA15 From Net=HPCC_A_07_N
Remove Pin=U3F-AA17 From Net=HPCC_A_11_P
Remove Pin=U3F-AA18 From Net=HPCC_A_11_N
Remove Pin=U3F-AA19 From Net=HPCC_A_16_P
Remove Pin=U3F-AA20 From Net=HPCC_A_16_N
Remove Pin=U3A-AA22 From Net=HPCC_A_GP02
Remove Pin=U3A-AA25 From Net=HPCC_B_GP14
Remove Pin=U3H-AB1 From Net=HPCC_A_57_P
Remove Pin=U3H-AB2 From Net=HPCC_A_59_P
Remove Pin=U3H-AB4 From Net=HPCC_A_61_N
Remove Pin=U3H-AB5 From Net=HPCC_A_63_N
Remove Pin=U3H-AB6 From Net=HPCC_A_64_P
Remove Pin=U3G-AB7 From Net=HPCC_A_34_P
Remove Pin=U3G-AB9 From Net=HPCC_A_35_N
Remove Pin=U3G-AB10 From Net=HPCC_A_38_N
Remove Pin=U3G-AB11 From Net=HPCC_A_37_P
Remove Pin=U3G-AB12 From Net=HPCC_A_39_P
Remove Pin=U3F-AB14 From Net=HPCC_A_10_P
Remove Pin=U3F-AB15 From Net=HPCC_A_10_N
Remove Pin=U3F-AB16 From Net=HPCC_A_12_P
Remove Pin=U3F-AB17 From Net=HPCC_A_14_P
Remove Pin=U3F-AB19 From Net=HPCC_A_18_P
Remove Pin=U3F-AB20 From Net=HPCC_A_18_N
Remove Pin=U3A-AB21 From Net=HPCC_A_GP11
Remove Pin=U3A-AB25 From Net=HPCC_B_GP15
Remove Pin=U3A-AB26 From Net=HPCC_B_GP18
Remove Pin=U3H-AC1 From Net=HPCC_A_57_N
Remove Pin=U3H-AC2 From Net=HPCC_A_59_N
Remove Pin=U3H-AC3 From Net=HPCC_A_62_N
Remove Pin=U3H-AC4 From Net=HPCC_A_62_P
Remove Pin=U3H-AC6 From Net=HPCC_A_64_N
Remove Pin=U3G-AC7 From Net=HPCC_A_34_N
Remove Pin=U3G-AC8 From Net=HPCC_A_33_P
Remove Pin=U3G-AC9 From Net=HPCC_A_36_P
Remove Pin=U3G-AC11 From Net=HPCC_A_37_N
Remove Pin=U3G-AC12 From Net=HPCC_A_39_N
Remove Pin=U3G-AC13 From Net=HPCC_A_41_P
Remove Pin=U3F-AC14 From Net=HPCC_A_08_P
Remove Pin=U3F-AC16 From Net=HPCC_A_12_N
Remove Pin=U3F-AC17 From Net=HPCC_A_14_N
Remove Pin=U3F-AC18 From Net=HPCC_A_13_P
Remove Pin=U3F-AC19 From Net=HPCC_A_17_P
Remove Pin=U3A-AC21 From Net=HPCC_A_GP12
Remove Pin=U3A-AC22 From Net=HPCC_A_GP10
Remove Pin=U3A-AC24 From Net=HPCC_A_GP04
Remove Pin=U3A-AC26 From Net=HPCC_B_GP19
Remove Pin=U3H-AD1 From Net=HPCC_A_68_P
Remove Pin=U3H-AD3 From Net=HPCC_A_67_N
Remove Pin=U3H-AD4 From Net=HPCC_A_67_P
Remove Pin=U3H-AD5 From Net=HPCC_A_66_N
Remove Pin=U3H-AD6 From Net=HPCC_A_66_P
Remove Pin=U3G-AD8 From Net=HPCC_A_33_N
Remove Pin=U3G-AD9 From Net=HPCC_A_36_N
Remove Pin=U3G-AD10 From Net=HPCC_A_44_P
Remove Pin=U3G-AD11 From Net=HPCC_A_43_P
Remove Pin=U3G-AD13 From Net=HPCC_A_41_N
Remove Pin=U3F-AD14 From Net=HPCC_A_08_N
Remove Pin=U3F-AD15 From Net=HPCC_A_04_P
Remove Pin=U3F-AD16 From Net=HPCC_A_06_P
Remove Pin=U3F-AD18 From Net=HPCC_A_13_N
Remove Pin=U3F-AD19 From Net=HPCC_A_17_N
Remove Pin=U3F-AD20 From Net=HPCC_A_15_P
Remove Pin=U3A-AD21 From Net=HPCC_A_GP13
Remove Pin=U3A-AD23 From Net=HPCC_A_GP07
Remove Pin=U3A-AD24 From Net=HPCC_A_GP08
Remove Pin=U3A-AD26 From Net=HPCC_A_GP17
Remove Pin=U3H-AE1 From Net=HPCC_A_68_N
Remove Pin=U3H-AE2 From Net=HPCC_A_70_N
Remove Pin=U3H-AE3 From Net=HPCC_A_70_P
Remove Pin=U3H-AE5 From Net=HPCC_A_71_N
Remove Pin=U3H-AE6 From Net=HPCC_A_71_P
Remove Pin=U3G-AE7 From Net=HPCC_A_31_P
Remove Pin=U3G-AE8 From Net=HPCC_A_46_P
Remove Pin=U3G-AE10 From Net=HPCC_A_44_N
Remove Pin=U3G-AE11 From Net=HPCC_A_43_N
Remove Pin=U3G-AE12 From Net=HPCC_A_45_P
Remove Pin=U3G-AE13 From Net=HPCC_A_47_P
Remove Pin=U3F-AE15 From Net=HPCC_A_04_N
Remove Pin=U3F-AE16 From Net=HPCC_A_06_N
Remove Pin=U3F-AE17 From Net=HPCC_A_01_P
Remove Pin=U3F-AE18 From Net=HPCC_A_03_P
Remove Pin=U3F-AE20 From Net=HPCC_A_15_N
Remove Pin=U3A-AE21 From Net=HPCC_A_GP14
Remove Pin=U3A-AE23 From Net=HPCC_A_GP19
Remove Pin=U3A-AE26 From Net=HPCC_A_GP18
Remove Pin=U3H-AF2 From Net=HPCC_A_72_N
Remove Pin=U3H-AF3 From Net=HPCC_A_72_P
Remove Pin=U3H-AF4 From Net=HPCC_A_69_N
Remove Pin=U3H-AF5 From Net=HPCC_A_69_P
Remove Pin=U3G-AF7 From Net=HPCC_A_31_N
Remove Pin=U3G-AF8 From Net=HPCC_A_46_N
Remove Pin=U3G-AF9 From Net=HPCC_A_48_N
Remove Pin=U3G-AF10 From Net=HPCC_A_48_P
Remove Pin=U3G-AF12 From Net=HPCC_A_45_N
Remove Pin=U3G-AF13 From Net=HPCC_A_47_N
Remove Pin=U3F-AF14 From Net=HPCC_A_02_P
Remove Pin=U3F-AF15 From Net=HPCC_A_02_N
Remove Pin=U3F-AF17 From Net=HPCC_A_01_N
Remove Pin=U3F-AF18 From Net=HPCC_A_03_N
Remove Pin=U3F-AF19 From Net=HPCC_A_05_P
Remove Pin=U3F-AF20 From Net=HPCC_A_05_N
Remove Pin=U3A-AF23 From Net=HPCC_A_GP20
Remove Pin=U3A-AF24 From Net=HPCC_A_GP15
Remove Pin=U3A-AF25 From Net=HPCC_A_GP16
Remove Pin=U3E-B9 From Net=HPCC_B_58_N
Remove Pin=U3E-B10 From Net=HPCC_B_70_P
Remove Pin=U3E-B11 From Net=HPCC_B_68_N
Remove Pin=U3E-B12 From Net=HPCC_B_68_P
Remove Pin=U3E-B14 From Net=HPCC_B_69_P
Remove Pin=U3E-B15 From Net=HPCC_B_71_P
Remove Pin=U3D-B16 From Net=HPCC_B_25_N
Remove Pin=U3D-B17 From Net=HPCC_B_27_P
Remove Pin=U3D-B19 From Net=HPCC_B_28_N
Remove Pin=U3E-C9 From Net=HPCC_B_58_P
Remove Pin=U3E-C11 From Net=HPCC_B_61_N
Remove Pin=U3E-C12 From Net=HPCC_B_61_P
Remove Pin=U3E-C13 From Net=HPCC_B_67_N
Remove Pin=U3E-C14 From Net=HPCC_B_67_P
Remove Pin=U3D-C16 From Net=HPCC_B_25_P
Remove Pin=U3D-C19 From Net=HPCC_B_28_P
Remove Pin=U3E-D8 From Net=HPCC_B_56_N
Remove Pin=U3E-D9 From Net=HPCC_B_56_P
Remove Pin=U3E-D10 From Net=HPCC_B_60_N
Remove Pin=U3E-D11 From Net=HPCC_B_62_N
Remove Pin=U3E-D13 From Net=HPCC_B_65_N
Remove Pin=U3E-D14 From Net=HPCC_B_65_P
Remove Pin=U3D-D15 From Net=HPCC_B_30_P
Remove Pin=U3D-D16 From Net=HPCC_B_30_N
Remove Pin=U3D-D18 From Net=HPCC_B_37_N
Remove Pin=U3D-D19 From Net=HPCC_B_39_P
Remove Pin=U3D-D20 From Net=HPCC_B_39_N
Remove Pin=U3E-E10 From Net=HPCC_B_60_P
Remove Pin=U3E-E11 From Net=HPCC_B_62_P
Remove Pin=U3E-E12 From Net=HPCC_B_66_N
Remove Pin=U3E-E13 From Net=HPCC_B_66_P
Remove Pin=U3D-E15 From Net=HPCC_B_34_P
Remove Pin=U3D-E16 From Net=HPCC_B_34_N
Remove Pin=U3D-E17 From Net=HPCC_B_36_N
Remove Pin=U3D-E18 From Net=HPCC_B_37_P
Remove Pin=U3D-E20 From Net=HPCC_B_41_N
Remove Pin=U3E-F8 From Net=HPCC_B_55_N
Remove Pin=U3E-F9 From Net=HPCC_B_55_P
Remove Pin=U3E-F10 From Net=HPCC_B_59_N
Remove Pin=U3E-F12 From Net=HPCC_B_64_N
Remove Pin=U3E-F13 From Net=HPCC_B_63_N
Remove Pin=U3E-F14 From Net=HPCC_B_63_P
Remove Pin=U3D-F15 From Net=HPCC_B_32_N
Remove Pin=U3D-F17 From Net=HPCC_B_36_P
Remove Pin=U3D-F18 From Net=HPCC_B_35_N
Remove Pin=U3D-F19 From Net=HPCC_B_41_P
Remove Pin=U3D-F20 From Net=HPCC_B_40_N
Remove Pin=U3E-G9 From Net=HPCC_B_50_N
Remove Pin=U3E-G10 From Net=HPCC_B_50_P
Remove Pin=U3E-G11 From Net=HPCC_B_59_P
Remove Pin=U3E-G12 From Net=HPCC_B_64_P
Remove Pin=U3E-G14 From Net=HPCC_B_53_N
Remove Pin=U3D-G15 From Net=HPCC_B_32_P
Remove Pin=U3D-G16 From Net=HPCC_B_31_N
Remove Pin=U3D-G17 From Net=HPCC_B_35_P
Remove Pin=U3D-G19 From Net=HPCC_B_40_P
Remove Pin=U3D-G20 From Net=HPCC_B_42_N
Remove Pin=U3E-H8 From Net=HPCC_B_49_N
Remove Pin=U3E-H9 From Net=HPCC_B_49_P
Remove Pin=U3E-H11 From Net=HPCC_B_54_N
Remove Pin=U3E-H12 From Net=HPCC_B_54_P
Remove Pin=U3E-H13 From Net=HPCC_B_51_N
Remove Pin=U3E-H14 From Net=HPCC_B_53_P
Remove Pin=U3D-H16 From Net=HPCC_B_31_P
Remove Pin=U3D-H17 From Net=HPCC_B_38_P
Remove Pin=U3D-H18 From Net=HPCC_B_38_N
Remove Pin=U3D-H19 From Net=HPCC_B_42_P
Remove Pin=U3E-J10 From Net=HPCC_B_52_N
Remove Pin=U3E-J11 From Net=HPCC_B_52_P
Remove Pin=U3E-J13 From Net=HPCC_B_51_P
Remove Pin=U3D-J15 From Net=HPCC_B_33_P
Remove Pin=U3D-J16 From Net=HPCC_B_33_N
Remove Pin=U3D-J18 From Net=HPCC_B_44_P
Remove Pin=U3D-J19 From Net=HPCC_B_44_N
Remove Pin=U3D-J20 From Net=HPCC_B_43_N
Remove Pin=U3D-K16 From Net=HPCC_B_46_P
Remove Pin=U3D-K17 From Net=HPCC_B_46_N
Remove Pin=U3D-K18 From Net=HPCC_B_48_N
Remove Pin=U3D-K20 From Net=HPCC_B_43_P
Remove Pin=U3B-K25 From Net=HPCC_B_01_P
Remove Pin=U3B-K26 From Net=HPCC_B_01_N
Remove Pin=U3D-L17 From Net=HPCC_B_48_P
Remove Pin=U3D-L18 From Net=HPCC_B_47_N
Remove Pin=U3D-L19 From Net=HPCC_B_45_P
Remove Pin=U3D-L20 From Net=HPCC_B_45_N
Remove Pin=U3B-L24 From Net=HPCC_B_08_N
Remove Pin=U3B-L25 From Net=HPCC_B_03_N
Remove Pin=U3D-M17 From Net=HPCC_B_47_P
Remove Pin=U3B-M19 From Net=HPCC_B_22_N
Remove Pin=U3B-M20 From Net=HPCC_B_07_N
Remove Pin=U3B-M21 From Net=HPCC_B_10_P
Remove Pin=U3B-M22 From Net=HPCC_B_10_N
Remove Pin=U3B-M24 From Net=HPCC_B_08_P
Remove Pin=U3B-M25 From Net=HPCC_B_03_P
Remove Pin=U3B-M26 From Net=HPCC_B_05_N
Remove Pin=U3B-N17 From Net=HPCC_B_20_N
Remove Pin=U3B-N18 From Net=HPCC_B_22_P
Remove Pin=U3B-N19 From Net=HPCC_B_07_P
Remove Pin=U3B-N21 From Net=HPCC_B_12_P
Remove Pin=U3B-N22 From Net=HPCC_B_12_N
Remove Pin=U3B-N23 From Net=HPCC_B_11_N
Remove Pin=U3B-N24 From Net=HPCC_B_04_N
Remove Pin=U3B-N26 From Net=HPCC_B_05_P
Remove Pin=U3B-P16 From Net=HPCC_B_20_P
Remove Pin=U3B-P18 From Net=HPCC_B_24_N
Remove Pin=U3B-P19 From Net=HPCC_B_09_P
Remove Pin=U3B-P20 From Net=HPCC_B_09_N
Remove Pin=U3B-P21 From Net=HPCC_B_13_N
Remove Pin=U3B-P23 From Net=HPCC_B_11_P
Remove Pin=U3B-P24 From Net=HPCC_B_04_P
Remove Pin=U3B-P25 From Net=HPCC_B_06_N
Remove Pin=U3B-P26 From Net=HPCC_B_02_N
Remove Pin=U3B-R16 From Net=HPCC_B_21_P
Remove Pin=U3B-R17 From Net=HPCC_B_21_N
Remove Pin=U3B-R18 From Net=HPCC_B_24_P
Remove Pin=U3B-R20 From Net=HPCC_B_16_N
Remove Pin=U3B-R21 From Net=HPCC_B_13_P
Remove Pin=U3B-R22 From Net=HPCC_B_14_P
Remove Pin=U3B-R23 From Net=HPCC_B_14_N
Remove Pin=U3B-R25 From Net=HPCC_B_06_P
Remove Pin=U3B-R26 From Net=HPCC_B_02_P
Remove Pin=U3B-T17 From Net=HPCC_B_23_N
Remove Pin=U3B-T18 From Net=HPCC_B_19_P
Remove Pin=U3B-T19 From Net=HPCC_B_19_N
Remove Pin=U3B-T20 From Net=HPCC_B_16_P
Remove Pin=U3B-T22 From Net=HPCC_B_17_P
Remove Pin=U3B-T23 From Net=HPCC_B_17_N
Remove Pin=U3H-U1 From Net=HPCC_A_50_N
Remove Pin=U3H-U2 From Net=HPCC_A_50_P
Remove Pin=U3H-U5 From Net=HPCC_A_49_N
Remove Pin=U3H-U6 From Net=HPCC_A_49_P
Remove Pin=U3H-U7 From Net=HPCC_A_53_P
Remove Pin=U3B-U17 From Net=HPCC_B_23_P
Remove Pin=U3B-U19 From Net=HPCC_B_18_P
Remove Pin=U3B-U20 From Net=HPCC_B_18_N
Remove Pin=U3A-U21 From Net=HPCC_B_GP01
Remove Pin=U3A-U22 From Net=HPCC_B_GP02
Remove Pin=U3A-U24 From Net=HPCC_B_GP04
Remove Pin=U3A-U25 From Net=HPCC_B_GP05
Remove Pin=U3A-U26 From Net=HPCC_B_GP08
Remove Pin=U3H-V1 From Net=HPCC_A_56_N
Remove Pin=U3H-V2 From Net=HPCC_A_56_P
Remove Pin=U3H-V3 From Net=HPCC_A_52_P
Remove Pin=U3H-V4 From Net=HPCC_A_54_P
Remove Pin=U3H-V6 From Net=HPCC_A_53_N
Remove Pin=U3G-V7 From Net=HPCC_A_26_N
Remove Pin=U3G-V8 From Net=HPCC_A_26_P
Remove Pin=U3G-V9 From Net=HPCC_A_30_P
Remove Pin=U3G-V11 From Net=HPCC_A_25_P
Remove Pin=U3F-V14 From Net=HPCC_A_24_P
Remove Pin=U3F-V16 From Net=HPCC_A_20_P
Remove Pin=U3F-V17 From Net=HPCC_A_20_N
Remove Pin=U3F-V18 From Net=HPCC_A_23_P
Remove Pin=U3F-V19 From Net=HPCC_A_23_N
Remove Pin=U3A-V21 From Net=HPCC_B_GP12
Remove Pin=U3A-V22 From Net=HPCC_B_GP03
Remove Pin=U3A-V23 From Net=HPCC_B_GP06
Remove Pin=U3A-V24 From Net=HPCC_B_GP07
Remove Pin=U3A-V26 From Net=HPCC_B_GP09
Remove Pin=U3H-W1 From Net=HPCC_A_58_P
Remove Pin=U3H-W3 From Net=HPCC_A_52_N
Remove Pin=U3H-W4 From Net=HPCC_A_54_N
Remove Pin=U3G-W8 From Net=HPCC_A_30_N
Remove Pin=U3G-W9 From Net=HPCC_A_27_N
Remove Pin=U3G-W10 From Net=HPCC_A_27_P
Remove Pin=U3G-W11 From Net=HPCC_A_25_N
Remove Pin=U3F-W14 From Net=HPCC_A_24_N
Remove Pin=U3F-W15 From Net=HPCC_A_22_P
Remove Pin=U3F-W16 From Net=HPCC_A_22_N
Remove Pin=U3F-W18 From Net=HPCC_A_21_P
Remove Pin=U3F-W19 From Net=HPCC_A_21_N
Remove Pin=U3A-W20 From Net=HPCC_A_GP05
Remove Pin=U3A-W21 From Net=HPCC_B_GP13
Remove Pin=U3A-W23 From Net=HPCC_B_GP16
Remove Pin=U3A-W24 From Net=HPCC_B_GP17
Remove Pin=U3A-W25 From Net=HPCC_B_GP10
Remove Pin=U3A-W26 From Net=HPCC_B_GP11
Remove Pin=U3H-Y1 From Net=HPCC_A_58_N
Remove Pin=U3H-Y2 From Net=HPCC_A_55_N
Remove Pin=U3H-Y3 From Net=HPCC_A_55_P
Remove Pin=U3H-Y5 From Net=HPCC_A_65_N
Remove Pin=U3H-Y6 From Net=HPCC_A_65_P
Remove Pin=U3G-Y7 From Net=HPCC_A_28_N
Remove Pin=U3G-Y8 From Net=HPCC_A_28_P
Remove Pin=U3G-Y10 From Net=HPCC_A_29_N
Remove Pin=U3G-Y11 From Net=HPCC_A_29_P
Remove Pin=U3G-Y12 From Net=HPCC_A_42_N
Remove Pin=U3G-Y13 From Net=HPCC_A_42_P
Remove Pin=U3F-Y15 From Net=HPCC_A_09_P
Remove Pin=U3F-Y16 From Net=HPCC_A_09_N
Remove Pin=U3F-Y17 From Net=HPCC_A_19_P
Remove Pin=U3F-Y18 From Net=HPCC_A_19_N
Remove Pin=U3A-Y21 From Net=HPCC_A_GP06
Remove Pin=U3A-Y22 From Net=HPCC_A_GP01
Remove Pin=U3A-Y25 From Net=HPCC_B_GP20
Add Pin To Net: Pin=U3E-A8 Old Net=HPCC_B_57_N New Net=HPCC_B_63_N
Add Pin To Net: Pin=U3E-A9 Old Net=HPCC_B_57_P New Net=HPCC_B_63_P
Add Pin To Net: Pin=U3E-A10 Old Net=HPCC_B_70_N New Net=HPCC_B_16_N
Add Pin To Net: Pin=U3E-A12 Old Net=HPCC_B_72_N New Net=HPCC_B_17_N
Add Pin To Net: Pin=U3E-A13 Old Net=HPCC_B_72_P New Net=HPCC_B_17_P
Add Pin To Net: Pin=U3E-A14 Old Net=HPCC_B_69_N New Net=HPCC_B_18_N
Add Pin To Net: Pin=U3E-A15 Old Net=HPCC_B_71_N New Net=HPCC_B_09_N
Add Pin To Net: Pin=U3D-A17 Old Net=HPCC_B_27_N New Net=HPCC_B_10_N
Add Pin To Net: Pin=U3D-A18 Old Net=HPCC_B_26_P New Net=HPCC_B_01_P
Add Pin To Net: Pin=U3D-A19 Old Net=HPCC_B_26_N New Net=HPCC_B_01_N
Add Pin To Net: Pin=U3H-AA2 Old Net=HPCC_A_60_N New Net=HPCC_A_43_N
Add Pin To Net: Pin=U3H-AA3 Old Net=HPCC_A_60_P New Net=HPCC_A_43_P
Add Pin To Net: Pin=U3H-AA4 Old Net=HPCC_A_61_P New Net=HPCC_A_52_P
Add Pin To Net: Pin=U3H-AA5 Old Net=HPCC_A_63_P New Net=HPCC_A_32_P
Add Pin To Net: Pin=U3G-AA7 Old Net=HPCC_A_32_N New Net=HPCC_A_41_N
Add Pin To Net: Pin=U3G-AA8 Old Net=HPCC_A_32_P New Net=HPCC_A_41_P
Add Pin To Net: Pin=U3G-AA9 Old Net=HPCC_A_35_P New Net=HPCC_A_40_P
Add Pin To Net: Pin=U3G-AA10 Old Net=HPCC_A_38_P New Net=HPCC_A_20_P
Add Pin To Net: Pin=U3G-AA12 Old Net=HPCC_A_40_N New Net=HPCC_A_48_N
Add Pin To Net: Pin=U3G-AA13 Old Net=HPCC_A_40_P New Net=HPCC_A_48_P
Add Pin To Net: Pin=U3F-AA14 Old Net=HPCC_A_07_P New Net=HPCC_A_57_P
Add Pin To Net: Pin=U3F-AA15 Old Net=HPCC_A_07_N New Net=HPCC_A_57_N
Add Pin To Net: Pin=U3F-AA17 Old Net=HPCC_A_11_P New Net=HPCC_A_46_P
Add Pin To Net: Pin=U3F-AA18 Old Net=HPCC_A_11_N New Net=HPCC_A_46_N
Add Pin To Net: Pin=U3F-AA19 Old Net=HPCC_A_16_P New Net=HPCC_A_45_P
Add Pin To Net: Pin=U3F-AA20 Old Net=HPCC_A_16_N New Net=HPCC_A_45_N
Add Pin To Net: Pin=U3A-AA22 Old Net=HPCC_A_GP02 New Net=HPCC_A_GP10
Add Pin To Net: Pin=U3A-AA25 Old Net=HPCC_B_GP14 New Net=HPCC_B_GP03
Add Pin To Net: Pin=U3H-AB1 Old Net=HPCC_A_57_P New Net=HPCC_A_53_P
Add Pin To Net: Pin=U3H-AB2 Old Net=HPCC_A_59_P New Net=HPCC_A_24_P
Add Pin To Net: Pin=U3H-AB4 Old Net=HPCC_A_61_N New Net=HPCC_A_52_N
Add Pin To Net: Pin=U3H-AB5 Old Net=HPCC_A_63_N New Net=HPCC_A_32_N
Add Pin To Net: Pin=U3H-AB6 Old Net=HPCC_A_64_P New Net=HPCC_A_22_P
Add Pin To Net: Pin=U3G-AB7 Old Net=HPCC_A_34_P New Net=HPCC_A_31_P
Add Pin To Net: Pin=U3G-AB9 Old Net=HPCC_A_35_N New Net=HPCC_A_40_N
Add Pin To Net: Pin=U3G-AB10 Old Net=HPCC_A_38_N New Net=HPCC_A_20_N
Add Pin To Net: Pin=U3G-AB11 Old Net=HPCC_A_37_P New Net=HPCC_A_29_P
Add Pin To Net: Pin=U3G-AB12 Old Net=HPCC_A_39_P New Net=HPCC_A_38_P
Add Pin To Net: Pin=U3F-AB14 Old Net=HPCC_A_10_P New Net=HPCC_A_27_P
Add Pin To Net: Pin=U3F-AB15 Old Net=HPCC_A_10_N New Net=HPCC_A_27_N
Add Pin To Net: Pin=U3F-AB16 Old Net=HPCC_A_12_P New Net=HPCC_A_36_P
Add Pin To Net: Pin=U3F-AB17 Old Net=HPCC_A_14_P New Net=HPCC_A_26_P
Add Pin To Net: Pin=U3F-AB19 Old Net=HPCC_A_18_P New Net=HPCC_A_25_P
Add Pin To Net: Pin=U3F-AB20 Old Net=HPCC_A_18_N New Net=HPCC_A_25_N
Add Pin To Net: Pin=U3A-AB21 Old Net=HPCC_A_GP11 New Net=HPCC_A_GP08
Add Pin To Net: Pin=U3A-AB25 Old Net=HPCC_B_GP15 New Net=HPCC_B_GP04
Add Pin To Net: Pin=U3A-AB26 Old Net=HPCC_B_GP18 New Net=HPCC_B_GP05
Add Pin To Net: Pin=U3H-AC1 Old Net=HPCC_A_57_N New Net=HPCC_A_53_N
Add Pin To Net: Pin=U3H-AC2 Old Net=HPCC_A_59_N New Net=HPCC_A_24_N
Add Pin To Net: Pin=U3H-AC3 Old Net=HPCC_A_62_N New Net=HPCC_A_23_N
Add Pin To Net: Pin=U3H-AC4 Old Net=HPCC_A_62_P New Net=HPCC_A_23_P
Add Pin To Net: Pin=U3H-AC6 Old Net=HPCC_A_64_N New Net=HPCC_A_22_N
Add Pin To Net: Pin=U3G-AC7 Old Net=HPCC_A_34_N New Net=HPCC_A_31_N
Add Pin To Net: Pin=U3G-AC8 Old Net=HPCC_A_33_P New Net=HPCC_A_21_P
Add Pin To Net: Pin=U3G-AC9 Old Net=HPCC_A_36_P New Net=HPCC_A_30_P
Add Pin To Net: Pin=U3G-AC11 Old Net=HPCC_A_37_N New Net=HPCC_A_29_N
Add Pin To Net: Pin=U3G-AC12 Old Net=HPCC_A_39_N New Net=HPCC_A_38_N
Add Pin To Net: Pin=U3G-AC13 Old Net=HPCC_A_41_P New Net=HPCC_A_28_P
Add Pin To Net: Pin=U3F-AC14 Old Net=HPCC_A_08_P New Net=HPCC_A_37_P
Add Pin To Net: Pin=U3F-AC16 Old Net=HPCC_A_12_N New Net=HPCC_A_36_N
Add Pin To Net: Pin=U3F-AC17 Old Net=HPCC_A_14_N New Net=HPCC_A_26_N
Add Pin To Net: Pin=U3F-AC18 Old Net=HPCC_A_13_P New Net=HPCC_A_35_P
Add Pin To Net: Pin=U3F-AC19 Old Net=HPCC_A_17_P New Net=HPCC_A_44_P
Add Pin To Net: Pin=U3A-AC21 Old Net=HPCC_A_GP12 New Net=HPCC_A_GP07
Add Pin To Net: Pin=U3A-AC22 Old Net=HPCC_A_GP10 New Net=HPCC_A_GP04
Add Pin To Net: Pin=U3A-AC24 Old Net=HPCC_A_GP04 New Net=HPCC_A_GP15
Add Pin To Net: Pin=U3A-AC26 Old Net=HPCC_B_GP19 New Net=HPCC_B_GP06
Add Pin To Net: Pin=U3H-AD1 Old Net=HPCC_A_68_P New Net=HPCC_A_15_P
Add Pin To Net: Pin=U3H-AD3 Old Net=HPCC_A_67_N New Net=HPCC_A_33_N
Add Pin To Net: Pin=U3H-AD4 Old Net=HPCC_A_67_P New Net=HPCC_A_33_P
Add Pin To Net: Pin=U3H-AD5 Old Net=HPCC_A_66_N New Net=HPCC_A_13_N
Add Pin To Net: Pin=U3H-AD6 Old Net=HPCC_A_66_P New Net=HPCC_A_13_P
Add Pin To Net: Pin=U3G-AD8 Old Net=HPCC_A_33_N New Net=HPCC_A_21_N
Add Pin To Net: Pin=U3G-AD9 Old Net=HPCC_A_36_N New Net=HPCC_A_30_N
Add Pin To Net: Pin=U3G-AD10 Old Net=HPCC_A_44_P New Net=HPCC_A_11_P
Add Pin To Net: Pin=U3G-AD11 Old Net=HPCC_A_43_P New Net=HPCC_A_01_P
Add Pin To Net: Pin=U3G-AD13 Old Net=HPCC_A_41_N New Net=HPCC_A_28_N
Add Pin To Net: Pin=U3F-AD14 Old Net=HPCC_A_08_N New Net=HPCC_A_37_N
Add Pin To Net: Pin=U3F-AD15 Old Net=HPCC_A_04_P New Net=HPCC_A_18_P
Add Pin To Net: Pin=U3F-AD16 Old Net=HPCC_A_06_P New Net=HPCC_A_08_P
Add Pin To Net: Pin=U3F-AD18 Old Net=HPCC_A_13_N New Net=HPCC_A_35_N
Add Pin To Net: Pin=U3F-AD19 Old Net=HPCC_A_17_N New Net=HPCC_A_44_N
Add Pin To Net: Pin=U3F-AD20 Old Net=HPCC_A_15_P New Net=HPCC_A_06_P
Add Pin To Net: Pin=U3A-AD21 Old Net=HPCC_A_GP13 New Net=HPCC_A_GP06
Add Pin To Net: Pin=U3A-AD23 Old Net=HPCC_A_GP07 New Net=HPCC_A_GP19
Add Pin To Net: Pin=U3A-AD24 Old Net=HPCC_A_GP08 New Net=HPCC_A_GP17
Add Pin To Net: Pin=U3A-AD26 Old Net=HPCC_A_GP17 New Net=HPCC_A_GP14
Add Pin To Net: Pin=U3H-AE1 Old Net=HPCC_A_68_N New Net=HPCC_A_15_N
Add Pin To Net: Pin=U3H-AE2 Old Net=HPCC_A_70_N New Net=HPCC_A_05_N
Add Pin To Net: Pin=U3H-AE3 Old Net=HPCC_A_70_P New Net=HPCC_A_05_P
Add Pin To Net: Pin=U3H-AE5 Old Net=HPCC_A_71_N New Net=HPCC_A_04_N
Add Pin To Net: Pin=U3H-AE6 Old Net=HPCC_A_71_P New Net=HPCC_A_04_P
Add Pin To Net: Pin=U3G-AE7 Old Net=HPCC_A_31_P New Net=HPCC_A_03_P
Add Pin To Net: Pin=U3G-AE8 Old Net=HPCC_A_46_P New Net=HPCC_A_12_P
Add Pin To Net: Pin=U3G-AE10 Old Net=HPCC_A_44_N New Net=HPCC_A_11_N
Add Pin To Net: Pin=U3G-AE11 Old Net=HPCC_A_43_N New Net=HPCC_A_01_N
Add Pin To Net: Pin=U3G-AE12 Old Net=HPCC_A_45_P New Net=HPCC_A_10_P
Add Pin To Net: Pin=U3G-AE13 Old Net=HPCC_A_47_P New Net=HPCC_A_19_P
Add Pin To Net: Pin=U3F-AE15 Old Net=HPCC_A_04_N New Net=HPCC_A_18_N
Add Pin To Net: Pin=U3F-AE16 Old Net=HPCC_A_06_N New Net=HPCC_A_08_N
Add Pin To Net: Pin=U3F-AE17 Old Net=HPCC_A_01_P New Net=HPCC_A_17_P
Add Pin To Net: Pin=U3F-AE18 Old Net=HPCC_A_03_P New Net=HPCC_A_07_P
Add Pin To Net: Pin=U3F-AE20 Old Net=HPCC_A_15_N New Net=HPCC_A_06_N
Add Pin To Net: Pin=U3A-AE21 Old Net=HPCC_A_GP14 New Net=HPCC_A_GP05
Add Pin To Net: Pin=U3A-AE23 Old Net=HPCC_A_GP19 New Net=HPCC_A_GP01
Add Pin To Net: Pin=U3A-AE26 Old Net=HPCC_A_GP18 New Net=HPCC_A_GP16
Add Pin To Net: Pin=U3H-AF2 Old Net=HPCC_A_72_N New Net=HPCC_A_34_N
Add Pin To Net: Pin=U3H-AF3 Old Net=HPCC_A_72_P New Net=HPCC_A_34_P
Add Pin To Net: Pin=U3H-AF4 Old Net=HPCC_A_69_N New Net=HPCC_A_14_N
Add Pin To Net: Pin=U3H-AF5 Old Net=HPCC_A_69_P New Net=HPCC_A_14_P
Add Pin To Net: Pin=U3G-AF7 Old Net=HPCC_A_31_N New Net=HPCC_A_03_N
Add Pin To Net: Pin=U3G-AF8 Old Net=HPCC_A_46_N New Net=HPCC_A_12_N
Add Pin To Net: Pin=U3G-AF9 Old Net=HPCC_A_48_N New Net=HPCC_A_02_N
Add Pin To Net: Pin=U3G-AF10 Old Net=HPCC_A_48_P New Net=HPCC_A_02_P
Add Pin To Net: Pin=U3G-AF12 Old Net=HPCC_A_45_N New Net=HPCC_A_10_N
Add Pin To Net: Pin=U3G-AF13 Old Net=HPCC_A_47_N New Net=HPCC_A_19_N
Add Pin To Net: Pin=U3F-AF14 Old Net=HPCC_A_02_P New Net=HPCC_A_09_P
Add Pin To Net: Pin=U3F-AF15 Old Net=HPCC_A_02_N New Net=HPCC_A_09_N
Add Pin To Net: Pin=U3F-AF17 Old Net=HPCC_A_01_N New Net=HPCC_A_17_N
Add Pin To Net: Pin=U3F-AF18 Old Net=HPCC_A_03_N New Net=HPCC_A_07_N
Add Pin To Net: Pin=U3F-AF19 Old Net=HPCC_A_05_P New Net=HPCC_A_16_P
Add Pin To Net: Pin=U3F-AF20 Old Net=HPCC_A_05_N New Net=HPCC_A_16_N
Add Pin To Net: Pin=U3A-AF23 Old Net=HPCC_A_GP20 New Net=HPCC_A_GP02
Add Pin To Net: Pin=U3A-AF24 Old Net=HPCC_A_GP15 New Net=HPCC_A_GP20
Add Pin To Net: Pin=U3A-AF25 Old Net=HPCC_A_GP16 New Net=HPCC_A_GP18
Add Pin To Net: Pin=U3E-B9 Old Net=HPCC_B_58_N New Net=HPCC_B_06_N
Add Pin To Net: Pin=U3E-B10 Old Net=HPCC_B_70_P New Net=HPCC_B_16_P
Add Pin To Net: Pin=U3E-B11 Old Net=HPCC_B_68_N New Net=HPCC_B_07_N
Add Pin To Net: Pin=U3E-B12 Old Net=HPCC_B_68_P New Net=HPCC_B_07_P
Add Pin To Net: Pin=U3E-B14 Old Net=HPCC_B_69_P New Net=HPCC_B_18_P
Add Pin To Net: Pin=U3E-B15 Old Net=HPCC_B_71_P New Net=HPCC_B_09_P
Add Pin To Net: Pin=U3D-B16 Old Net=HPCC_B_25_N New Net=HPCC_B_19_N
Add Pin To Net: Pin=U3D-B17 Old Net=HPCC_B_27_P New Net=HPCC_B_10_P
Add Pin To Net: Pin=U3D-B19 Old Net=HPCC_B_28_N New Net=HPCC_B_11_N
Add Pin To Net: Pin=U3E-C9 Old Net=HPCC_B_58_P New Net=HPCC_B_06_P
Add Pin To Net: Pin=U3E-C11 Old Net=HPCC_B_61_N New Net=HPCC_B_26_N
Add Pin To Net: Pin=U3E-C12 Old Net=HPCC_B_61_P New Net=HPCC_B_26_P
Add Pin To Net: Pin=U3E-C13 Old Net=HPCC_B_67_N New Net=HPCC_B_08_N
Add Pin To Net: Pin=U3E-C14 Old Net=HPCC_B_67_P New Net=HPCC_B_08_P
Add Pin To Net: Pin=U3D-C16 Old Net=HPCC_B_25_P New Net=HPCC_B_19_P
Add Pin To Net: Pin=U3D-C19 Old Net=HPCC_B_28_P New Net=HPCC_B_11_P
Add Pin To Net: Pin=U3E-D8 Old Net=HPCC_B_56_N New Net=HPCC_B_25_N
Add Pin To Net: Pin=U3E-D9 Old Net=HPCC_B_56_P New Net=HPCC_B_25_P
Add Pin To Net: Pin=U3E-D10 Old Net=HPCC_B_60_N New Net=HPCC_B_45_N
Add Pin To Net: Pin=U3E-D11 Old Net=HPCC_B_62_N New Net=HPCC_B_35_N
Add Pin To Net: Pin=U3E-D13 Old Net=HPCC_B_65_N New Net=HPCC_B_27_N
Add Pin To Net: Pin=U3E-D14 Old Net=HPCC_B_65_P New Net=HPCC_B_27_P
Add Pin To Net: Pin=U3D-D15 Old Net=HPCC_B_30_P New Net=HPCC_B_28_P
Add Pin To Net: Pin=U3D-D16 Old Net=HPCC_B_30_N New Net=HPCC_B_28_N
Add Pin To Net: Pin=U3D-D18 Old Net=HPCC_B_37_N New Net=HPCC_B_20_N
Add Pin To Net: Pin=U3D-D19 Old Net=HPCC_B_39_P New Net=HPCC_B_02_P
Add Pin To Net: Pin=U3D-D20 Old Net=HPCC_B_39_N New Net=HPCC_B_02_N
Add Pin To Net: Pin=U3E-E10 Old Net=HPCC_B_60_P New Net=HPCC_B_45_P
Add Pin To Net: Pin=U3E-E11 Old Net=HPCC_B_62_P New Net=HPCC_B_35_P
Add Pin To Net: Pin=U3E-E12 Old Net=HPCC_B_66_N New Net=HPCC_B_36_N
Add Pin To Net: Pin=U3E-E13 Old Net=HPCC_B_66_P New Net=HPCC_B_36_P
Add Pin To Net: Pin=U3D-E15 Old Net=HPCC_B_34_P New Net=HPCC_B_37_P
Add Pin To Net: Pin=U3D-E16 Old Net=HPCC_B_34_N New Net=HPCC_B_37_N
Add Pin To Net: Pin=U3D-E17 Old Net=HPCC_B_36_N New Net=HPCC_B_38_N
Add Pin To Net: Pin=U3D-E18 Old Net=HPCC_B_37_P New Net=HPCC_B_20_P
Add Pin To Net: Pin=U3D-E20 Old Net=HPCC_B_41_N New Net=HPCC_B_12_N
Add Pin To Net: Pin=U3E-F8 Old Net=HPCC_B_55_N New Net=HPCC_B_44_N
Add Pin To Net: Pin=U3E-F9 Old Net=HPCC_B_55_P New Net=HPCC_B_44_P
Add Pin To Net: Pin=U3E-F10 Old Net=HPCC_B_59_N New Net=HPCC_B_55_N
Add Pin To Net: Pin=U3E-F12 Old Net=HPCC_B_64_N New Net=HPCC_B_46_N
Add Pin To Net: Pin=U3E-F13 Old Net=HPCC_B_63_N New Net=HPCC_B_56_N
Add Pin To Net: Pin=U3E-F14 Old Net=HPCC_B_63_P New Net=HPCC_B_56_P
Add Pin To Net: Pin=U3D-F15 Old Net=HPCC_B_32_N New Net=HPCC_B_57_N
Add Pin To Net: Pin=U3D-F17 Old Net=HPCC_B_36_P New Net=HPCC_B_38_P
Add Pin To Net: Pin=U3D-F18 Old Net=HPCC_B_35_N New Net=HPCC_B_39_N
Add Pin To Net: Pin=U3D-F19 Old Net=HPCC_B_41_P New Net=HPCC_B_12_P
Add Pin To Net: Pin=U3D-F20 Old Net=HPCC_B_40_N New Net=HPCC_B_68_N
Add Pin To Net: Pin=U3E-G9 Old Net=HPCC_B_50_N New Net=HPCC_B_54_N
Add Pin To Net: Pin=U3E-G10 Old Net=HPCC_B_50_P New Net=HPCC_B_54_P
Add Pin To Net: Pin=U3E-G11 Old Net=HPCC_B_59_P New Net=HPCC_B_55_P
Add Pin To Net: Pin=U3E-G12 Old Net=HPCC_B_64_P New Net=HPCC_B_46_P
Add Pin To Net: Pin=U3E-G14 Old Net=HPCC_B_53_N New Net=HPCC_B_47_N
Add Pin To Net: Pin=U3D-G15 Old Net=HPCC_B_32_P New Net=HPCC_B_57_P
Add Pin To Net: Pin=U3D-G16 Old Net=HPCC_B_31_N New Net=HPCC_B_48_N
Add Pin To Net: Pin=U3D-G17 Old Net=HPCC_B_35_P New Net=HPCC_B_39_P
Add Pin To Net: Pin=U3D-G19 Old Net=HPCC_B_40_P New Net=HPCC_B_68_P
Add Pin To Net: Pin=U3D-G20 Old Net=HPCC_B_42_N New Net=HPCC_B_30_N
Add Pin To Net: Pin=U3E-H8 Old Net=HPCC_B_49_N New Net=HPCC_B_64_N
Add Pin To Net: Pin=U3E-H9 Old Net=HPCC_B_49_P New Net=HPCC_B_64_P
Add Pin To Net: Pin=U3E-H11 Old Net=HPCC_B_54_N New Net=HPCC_B_66_N
Add Pin To Net: Pin=U3E-H12 Old Net=HPCC_B_54_P New Net=HPCC_B_66_P
Add Pin To Net: Pin=U3E-H13 Old Net=HPCC_B_51_N New Net=HPCC_B_67_N
Add Pin To Net: Pin=U3E-H14 Old Net=HPCC_B_53_P New Net=HPCC_B_47_P
Add Pin To Net: Pin=U3D-H16 Old Net=HPCC_B_31_P New Net=HPCC_B_48_P
Add Pin To Net: Pin=U3D-H17 Old Net=HPCC_B_38_P New Net=HPCC_B_49_P
Add Pin To Net: Pin=U3D-H18 Old Net=HPCC_B_38_N New Net=HPCC_B_49_N
Add Pin To Net: Pin=U3D-H19 Old Net=HPCC_B_42_P New Net=HPCC_B_30_P
Add Pin To Net: Pin=U3E-J10 Old Net=HPCC_B_52_N New Net=HPCC_B_65_N
Add Pin To Net: Pin=U3E-J11 Old Net=HPCC_B_52_P New Net=HPCC_B_65_P
Add Pin To Net: Pin=U3E-J13 Old Net=HPCC_B_51_P New Net=HPCC_B_67_P
Add Pin To Net: Pin=U3D-J15 Old Net=HPCC_B_33_P New Net=HPCC_B_58_P
Add Pin To Net: Pin=U3D-J16 Old Net=HPCC_B_33_N New Net=HPCC_B_58_N
Add Pin To Net: Pin=U3D-J18 Old Net=HPCC_B_44_P New Net=HPCC_B_21_P
Add Pin To Net: Pin=U3D-J19 Old Net=HPCC_B_44_N New Net=HPCC_B_21_N
Add Pin To Net: Pin=U3D-J20 Old Net=HPCC_B_43_N New Net=HPCC_B_31_N
Add Pin To Net: Pin=U3D-K16 Old Net=HPCC_B_46_P New Net=HPCC_B_40_P
Add Pin To Net: Pin=U3D-K17 Old Net=HPCC_B_46_N New Net=HPCC_B_40_N
Add Pin To Net: Pin=U3D-K18 Old Net=HPCC_B_48_N New Net=HPCC_B_50_N
Add Pin To Net: Pin=U3D-K20 Old Net=HPCC_B_43_P New Net=HPCC_B_31_P
Add Pin To Net: Pin=U3B-K25 Old Net=HPCC_B_01_P New Net=HPCC_B_03_P
Add Pin To Net: Pin=U3B-K26 Old Net=HPCC_B_01_N New Net=HPCC_B_03_N
Add Pin To Net: Pin=U3D-L17 Old Net=HPCC_B_48_P New Net=HPCC_B_50_P
Add Pin To Net: Pin=U3D-L18 Old Net=HPCC_B_47_N New Net=HPCC_B_41_N
Add Pin To Net: Pin=U3D-L19 Old Net=HPCC_B_45_P New Net=HPCC_B_22_P
Add Pin To Net: Pin=U3D-L20 Old Net=HPCC_B_45_N New Net=HPCC_B_22_N
Add Pin To Net: Pin=U3B-L24 Old Net=HPCC_B_08_N New Net=HPCC_B_13_N
Add Pin To Net: Pin=U3B-L25 Old Net=HPCC_B_03_N New Net=HPCC_B_04_N
Add Pin To Net: Pin=U3D-M17 Old Net=HPCC_B_47_P New Net=HPCC_B_41_P
Add Pin To Net: Pin=U3B-M19 Old Net=HPCC_B_22_N New Net=HPCC_B_69_N
Add Pin To Net: Pin=U3B-M20 Old Net=HPCC_B_07_N New Net=HPCC_B_51_N
Add Pin To Net: Pin=U3B-M21 Old Net=HPCC_B_10_P New Net=HPCC_B_32_P
Add Pin To Net: Pin=U3B-M22 Old Net=HPCC_B_10_N New Net=HPCC_B_32_N
Add Pin To Net: Pin=U3B-M24 Old Net=HPCC_B_08_P New Net=HPCC_B_13_P
Add Pin To Net: Pin=U3B-M25 Old Net=HPCC_B_03_P New Net=HPCC_B_04_P
Add Pin To Net: Pin=U3B-M26 Old Net=HPCC_B_05_N New Net=HPCC_B_14_N
Add Pin To Net: Pin=U3B-N17 Old Net=HPCC_B_20_N New Net=HPCC_B_59_N
Add Pin To Net: Pin=U3B-N18 Old Net=HPCC_B_22_P New Net=HPCC_B_69_P
Add Pin To Net: Pin=U3B-N19 Old Net=HPCC_B_07_P New Net=HPCC_B_51_P
Add Pin To Net: Pin=U3B-N21 Old Net=HPCC_B_12_P New Net=HPCC_B_42_P
Add Pin To Net: Pin=U3B-N22 Old Net=HPCC_B_12_N New Net=HPCC_B_42_N
Add Pin To Net: Pin=U3B-N23 Old Net=HPCC_B_11_N New Net=HPCC_B_23_N
Add Pin To Net: Pin=U3B-N24 Old Net=HPCC_B_04_N New Net=HPCC_B_33_N
Add Pin To Net: Pin=U3B-N26 Old Net=HPCC_B_05_P New Net=HPCC_B_14_P
Add Pin To Net: Pin=U3B-P16 Old Net=HPCC_B_20_P New Net=HPCC_B_59_P
Add Pin To Net: Pin=U3B-P18 Old Net=HPCC_B_24_N New Net=HPCC_B_60_N
Add Pin To Net: Pin=U3B-P19 Old Net=HPCC_B_09_P New Net=HPCC_B_52_P
Add Pin To Net: Pin=U3B-P20 Old Net=HPCC_B_09_N New Net=HPCC_B_52_N
Add Pin To Net: Pin=U3B-P21 Old Net=HPCC_B_13_N New Net=HPCC_B_70_N
Add Pin To Net: Pin=U3B-P23 Old Net=HPCC_B_11_P New Net=HPCC_B_23_P
Add Pin To Net: Pin=U3B-P24 Old Net=HPCC_B_04_P New Net=HPCC_B_33_P
Add Pin To Net: Pin=U3B-P25 Old Net=HPCC_B_06_N New Net=HPCC_B_05_N
Add Pin To Net: Pin=U3B-P26 Old Net=HPCC_B_02_N New Net=HPCC_B_34_N
Add Pin To Net: Pin=U3B-R16 Old Net=HPCC_B_21_P New Net=HPCC_B_61_P
Add Pin To Net: Pin=U3B-R17 Old Net=HPCC_B_21_N New Net=HPCC_B_61_N
Add Pin To Net: Pin=U3B-R18 Old Net=HPCC_B_24_P New Net=HPCC_B_60_P
Add Pin To Net: Pin=U3B-R20 Old Net=HPCC_B_16_N New Net=HPCC_B_62_N
Add Pin To Net: Pin=U3B-R21 Old Net=HPCC_B_13_P New Net=HPCC_B_70_P
Add Pin To Net: Pin=U3B-R22 Old Net=HPCC_B_14_P New Net=HPCC_B_24_P
Add Pin To Net: Pin=U3B-R23 Old Net=HPCC_B_14_N New Net=HPCC_B_24_N
Add Pin To Net: Pin=U3B-R25 Old Net=HPCC_B_06_P New Net=HPCC_B_05_P
Add Pin To Net: Pin=U3B-R26 Old Net=HPCC_B_02_P New Net=HPCC_B_34_P
Add Pin To Net: Pin=U3B-T17 Old Net=HPCC_B_23_N New Net=HPCC_B_71_N
Add Pin To Net: Pin=U3B-T18 Old Net=HPCC_B_19_P New Net=HPCC_B_43_P
Add Pin To Net: Pin=U3B-T19 Old Net=HPCC_B_19_N New Net=HPCC_B_43_N
Add Pin To Net: Pin=U3B-T20 Old Net=HPCC_B_16_P New Net=HPCC_B_62_P
Add Pin To Net: Pin=U3B-T22 Old Net=HPCC_B_17_P New Net=HPCC_B_72_P
Add Pin To Net: Pin=U3B-T23 Old Net=HPCC_B_17_N New Net=HPCC_B_72_N
Add Pin To Net: Pin=U3H-U1 Old Net=HPCC_A_50_N New Net=HPCC_A_61_N
Add Pin To Net: Pin=U3H-U2 Old Net=HPCC_A_50_P New Net=HPCC_A_61_P
Add Pin To Net: Pin=U3H-U5 Old Net=HPCC_A_49_N New Net=HPCC_A_69_N
Add Pin To Net: Pin=U3H-U6 Old Net=HPCC_A_49_P New Net=HPCC_A_69_P
Add Pin To Net: Pin=U3H-U7 Old Net=HPCC_A_53_P New Net=HPCC_A_59_P
Add Pin To Net: Pin=U3B-U17 Old Net=HPCC_B_23_P New Net=HPCC_B_71_P
Add Pin To Net: Pin=U3B-U19 Old Net=HPCC_B_18_P New Net=HPCC_B_53_P
Add Pin To Net: Pin=U3B-U20 Old Net=HPCC_B_18_N New Net=HPCC_B_53_N
Add Pin To Net: Pin=U3A-U21 Old Net=HPCC_B_GP01 New Net=HPCC_B_GP13
Add Pin To Net: Pin=U3A-U22 Old Net=HPCC_B_GP02 New Net=HPCC_B_GP08
Add Pin To Net: Pin=U3A-U24 Old Net=HPCC_B_GP04 New Net=HPCC_B_GP14
Add Pin To Net: Pin=U3A-U25 Old Net=HPCC_B_GP05 New Net=HPCC_B_GP16
Add Pin To Net: Pin=U3A-U26 Old Net=HPCC_B_GP08 New Net=HPCC_B_GP17
Add Pin To Net: Pin=U3H-V1 Old Net=HPCC_A_56_N New Net=HPCC_A_71_N
Add Pin To Net: Pin=U3H-V2 Old Net=HPCC_A_56_P New Net=HPCC_A_71_P
Add Pin To Net: Pin=U3H-V3 Old Net=HPCC_A_52_P New Net=HPCC_A_70_P
Add Pin To Net: Pin=U3H-V4 Old Net=HPCC_A_54_P New Net=HPCC_A_60_P
Add Pin To Net: Pin=U3H-V6 Old Net=HPCC_A_53_N New Net=HPCC_A_59_N
Add Pin To Net: Pin=U3G-V7 Old Net=HPCC_A_26_N New Net=HPCC_A_68_N
Add Pin To Net: Pin=U3G-V8 Old Net=HPCC_A_26_P New Net=HPCC_A_68_P
Add Pin To Net: Pin=U3G-V9 Old Net=HPCC_A_30_P New Net=HPCC_A_58_P
Add Pin To Net: Pin=U3G-V11 Old Net=HPCC_A_25_P New Net=HPCC_A_66_P
Add Pin To Net: Pin=U3F-V14 Old Net=HPCC_A_24_P New Net=HPCC_A_65_P
Add Pin To Net: Pin=U3F-V16 Old Net=HPCC_A_20_P New Net=HPCC_A_56_P
Add Pin To Net: Pin=U3F-V17 Old Net=HPCC_A_20_N New Net=HPCC_A_56_N
Add Pin To Net: Pin=U3F-V18 Old Net=HPCC_A_23_P New Net=HPCC_A_63_P
Add Pin To Net: Pin=U3F-V19 Old Net=HPCC_A_23_N New Net=HPCC_A_63_N
Add Pin To Net: Pin=U3A-V21 Old Net=HPCC_B_GP12 New Net=HPCC_B_GP11
Add Pin To Net: Pin=U3A-V22 Old Net=HPCC_B_GP03 New Net=HPCC_B_GP10
Add Pin To Net: Pin=U3A-V23 Old Net=HPCC_B_GP06 New Net=HPCC_B_GP07
Add Pin To Net: Pin=U3A-V24 Old Net=HPCC_B_GP07 New Net=HPCC_B_GP15
Add Pin To Net: Pin=U3A-V26 Old Net=HPCC_B_GP09 New Net=HPCC_B_GP19
Add Pin To Net: Pin=U3H-W1 Old Net=HPCC_A_58_P New Net=HPCC_A_72_P
Add Pin To Net: Pin=U3H-W3 Old Net=HPCC_A_52_N New Net=HPCC_A_70_N
Add Pin To Net: Pin=U3H-W4 Old Net=HPCC_A_54_N New Net=HPCC_A_60_N
Add Pin To Net: Pin=U3G-W8 Old Net=HPCC_A_30_N New Net=HPCC_A_58_N
Add Pin To Net: Pin=U3G-W9 Old Net=HPCC_A_27_N New Net=HPCC_A_67_N
Add Pin To Net: Pin=U3G-W10 Old Net=HPCC_A_27_P New Net=HPCC_A_67_P
Add Pin To Net: Pin=U3G-W11 Old Net=HPCC_A_25_N New Net=HPCC_A_66_N
Add Pin To Net: Pin=U3F-W14 Old Net=HPCC_A_24_N New Net=HPCC_A_65_N
Add Pin To Net: Pin=U3F-W15 Old Net=HPCC_A_22_P New Net=HPCC_A_64_P
Add Pin To Net: Pin=U3F-W16 Old Net=HPCC_A_22_N New Net=HPCC_A_64_N
Add Pin To Net: Pin=U3F-W18 Old Net=HPCC_A_21_P New Net=HPCC_A_54_P
Add Pin To Net: Pin=U3F-W19 Old Net=HPCC_A_21_N New Net=HPCC_A_54_N
Add Pin To Net: Pin=U3A-W20 Old Net=HPCC_A_GP05 New Net=HPCC_A_GP12
Add Pin To Net: Pin=U3A-W21 Old Net=HPCC_B_GP13 New Net=HPCC_B_GP12
Add Pin To Net: Pin=U3A-W23 Old Net=HPCC_B_GP16 New Net=HPCC_B_GP09
Add Pin To Net: Pin=U3A-W24 Old Net=HPCC_B_GP17 New Net=HPCC_B_GP18
Add Pin To Net: Pin=U3A-W25 Old Net=HPCC_B_GP10 New Net=HPCC_B_GP20
Add Pin To Net: Pin=U3A-W26 Old Net=HPCC_B_GP11 New Net=HPCC_B_GP01
Add Pin To Net: Pin=U3H-Y1 Old Net=HPCC_A_58_N New Net=HPCC_A_72_N
Add Pin To Net: Pin=U3H-Y2 Old Net=HPCC_A_55_N New Net=HPCC_A_62_N
Add Pin To Net: Pin=U3H-Y3 Old Net=HPCC_A_55_P New Net=HPCC_A_62_P
Add Pin To Net: Pin=U3H-Y5 Old Net=HPCC_A_65_N New Net=HPCC_A_42_N
Add Pin To Net: Pin=U3H-Y6 Old Net=HPCC_A_65_P New Net=HPCC_A_42_P
Add Pin To Net: Pin=U3G-Y7 Old Net=HPCC_A_28_N New Net=HPCC_A_50_N
Add Pin To Net: Pin=U3G-Y8 Old Net=HPCC_A_28_P New Net=HPCC_A_50_P
Add Pin To Net: Pin=U3G-Y10 Old Net=HPCC_A_29_N New Net=HPCC_A_49_N
Add Pin To Net: Pin=U3G-Y11 Old Net=HPCC_A_29_P New Net=HPCC_A_49_P
Add Pin To Net: Pin=U3G-Y12 Old Net=HPCC_A_42_N New Net=HPCC_A_39_N
Add Pin To Net: Pin=U3G-Y13 Old Net=HPCC_A_42_P New Net=HPCC_A_39_P
Add Pin To Net: Pin=U3F-Y15 Old Net=HPCC_A_09_P New Net=HPCC_A_47_P
Add Pin To Net: Pin=U3F-Y16 Old Net=HPCC_A_09_N New Net=HPCC_A_47_N
Add Pin To Net: Pin=U3F-Y17 Old Net=HPCC_A_19_P New Net=HPCC_A_55_P
Add Pin To Net: Pin=U3F-Y18 Old Net=HPCC_A_19_N New Net=HPCC_A_55_N
Add Pin To Net: Pin=U3A-Y21 Old Net=HPCC_A_GP06 New Net=HPCC_A_GP11
Add Pin To Net: Pin=U3A-Y22 Old Net=HPCC_A_GP01 New Net=HPCC_A_GP13
Add Pin To Net: Pin=U3A-Y25 Old Net=HPCC_B_GP20 New Net=HPCC_B_GP02
Add Class Object Name=Power
Net with name "EEPROM_I2C_SCL" added to Class Object
Net with name "EEPROM_I2C_SDA" added to Class Object
Net with name "FGPA_I2C_SCL" added to Class Object
Net with name "FGPA_I2C_SDA" added to Class Object
Net with name "FPGA_I2C_EXT0_SCL" added to Class Object
Net with name "FPGA_I2C_EXT0_SDA" added to Class Object
Net with name "FPGA_I2C_EXT1_SCL" added to Class Object
Net with name "FPGA_I2C_EXT1_SDA" added to Class Object
Net with name "HPCC_A_I2C_SCL" added to Class Object
Net with name "HPCC_A_I2C_SDA" added to Class Object
Net with name "HPCC_B_I2C_SCL" added to Class Object
Net with name "HPCC_B_I2C_SDA" added to Class Object
Net with name "MC_ALT_I2C_SCL" added to Class Object
Net with name "MC_ALT_I2C_SDA" added to Class Object
Net with name "QSFP_A_SCL" added to Class Object
Net with name "QSFP_A_SDA" added to Class Object
Net with name "QSFP_B_SCL" added to Class Object
Net with name "QSFP_B_SDA" added to Class Object
