Removed Pin From Net: NetName=QSFP_A_TX4_P Pin=U3-H1
Removed Pin From Net: NetName=QSFP_A_TX4_N Pin=U3-H2
Removed Pin From Net: NetName=QSFP_A_RX4_N Pin=U3-J3
Removed Pin From Net: NetName=QSFP_A_RX4_P Pin=U3-J4
Removed Pin From Net: NetName=QSFP_A_TX3_P Pin=U3-K1
Removed Pin From Net: NetName=QSFP_A_TX3_N Pin=U3-K2
Removed Pin From Net: NetName=QSFP_A_RX3_N Pin=U3-L3
Removed Pin From Net: NetName=QSFP_A_RX3_P Pin=U3-L4
Removed Pin From Net: NetName=QSFP_A_TX2_P Pin=U3-M1
Removed Pin From Net: NetName=QSFP_A_TX2_N Pin=U3-M2
Removed Pin From Net: NetName=QSFP_A_RX2_N Pin=U3-N3
Removed Pin From Net: NetName=QSFP_A_RX2_P Pin=U3-N4
Removed Pin From Net: NetName=QSFP_A_TX1_P Pin=U3-P1
Removed Pin From Net: NetName=QSFP_A_TX1_N Pin=U3-P2
Removed Pin From Net: NetName=QSFP_A_RX1_N Pin=U3-R3
Removed Pin From Net: NetName=QSFP_A_RX1_P Pin=U3-R4
Added Pin To Net: NetName=QSFP_A_TX2_P Pin=U3-H1
Added Pin To Net: NetName=QSFP_A_TX2_N Pin=U3-H2
Added Pin To Net: NetName=QSFP_A_RX2_N Pin=U3-J3
Added Pin To Net: NetName=QSFP_A_RX2_P Pin=U3-J4
Added Pin To Net: NetName=QSFP_A_TX4_P Pin=U3-K1
Added Pin To Net: NetName=QSFP_A_TX4_N Pin=U3-K2
Added Pin To Net: NetName=QSFP_A_RX4_N Pin=U3-L3
Added Pin To Net: NetName=QSFP_A_RX4_P Pin=U3-L4
Added Pin To Net: NetName=QSFP_A_TX1_P Pin=U3-M1
Added Pin To Net: NetName=QSFP_A_TX1_N Pin=U3-M2
Added Pin To Net: NetName=QSFP_A_RX1_N Pin=U3-N3
Added Pin To Net: NetName=QSFP_A_RX1_P Pin=U3-N4
Added Pin To Net: NetName=QSFP_A_TX3_P Pin=U3-P1
Added Pin To Net: NetName=QSFP_A_TX3_N Pin=U3-P2
Added Pin To Net: NetName=QSFP_A_RX3_N Pin=U3-R3
Added Pin To Net: NetName=QSFP_A_RX3_P Pin=U3-R4
