Removed Pin From Net: NetName=QSFP_B_TX1_P Pin=U3-B1
Removed Pin From Net: NetName=QSFP_B_TX1_N Pin=U3-B2
Removed Pin From Net: NetName=QSFP_B_RX1_N Pin=U3-C3
Removed Pin From Net: NetName=QSFP_B_RX1_P Pin=U3-C4
Removed Pin From Net: NetName=QSFP_B_TX3_P Pin=U3-F1
Removed Pin From Net: NetName=QSFP_B_TX3_N Pin=U3-F2
Removed Pin From Net: NetName=QSFP_B_RX3_N Pin=U3-G3
Removed Pin From Net: NetName=QSFP_B_RX3_P Pin=U3-G4
Removed Pin From Net: NetName=QSFP_A_TX1_P Pin=U3-K1
Removed Pin From Net: NetName=QSFP_A_TX1_N Pin=U3-K2
Removed Pin From Net: NetName=QSFP_A_RX1_N Pin=U3-L3
Removed Pin From Net: NetName=QSFP_A_RX1_P Pin=U3-L4
Removed Pin From Net: NetName=QSFP_A_TX3_P Pin=U3-P1
Removed Pin From Net: NetName=QSFP_A_TX3_N Pin=U3-P2
Removed Pin From Net: NetName=QSFP_A_RX3_N Pin=U3-R3
Removed Pin From Net: NetName=QSFP_A_RX3_P Pin=U3-R4
Added Pin To Net: NetName=QSFP_B_TX3_P Pin=U3-B1
Added Pin To Net: NetName=QSFP_B_TX3_N Pin=U3-B2
Added Pin To Net: NetName=QSFP_B_RX3_N Pin=U3-C3
Added Pin To Net: NetName=QSFP_B_RX3_P Pin=U3-C4
Added Pin To Net: NetName=QSFP_B_TX1_P Pin=U3-F1
Added Pin To Net: NetName=QSFP_B_TX1_N Pin=U3-F2
Added Pin To Net: NetName=QSFP_B_RX1_N Pin=U3-G3
Added Pin To Net: NetName=QSFP_B_RX1_P Pin=U3-G4
Added Pin To Net: NetName=QSFP_A_TX3_P Pin=U3-K1
Added Pin To Net: NetName=QSFP_A_TX3_N Pin=U3-K2
Added Pin To Net: NetName=QSFP_A_RX3_N Pin=U3-L3
Added Pin To Net: NetName=QSFP_A_RX3_P Pin=U3-L4
Added Pin To Net: NetName=QSFP_A_TX1_P Pin=U3-P1
Added Pin To Net: NetName=QSFP_A_TX1_N Pin=U3-P2
Added Pin To Net: NetName=QSFP_A_RX1_N Pin=U3-R3
Added Pin To Net: NetName=QSFP_A_RX1_P Pin=U3-R4
