Change Component Designator: Old Designator=C? New Designator=C129
Change Component Designator: Old Designator=C? New Designator=C130
Change Component Designator: Old Designator=J? New Designator=J8
Change Component Designator: Old Designator=J? New Designator=J9
Change Component Designator: Old Designator=J? New Designator=J10
Change Component Designator: Old Designator=J? New Designator=J11
Change Component Designator: Old Designator=J? New Designator=J12
Change Component Designator: Old Designator=MH? New Designator=MH1
Change Component Designator: Old Designator=MH? New Designator=MH2
Change Component Designator: Old Designator=MH? New Designator=MH3
Change Component Designator: Old Designator=MH? New Designator=MH4
Change Component Designator: Old Designator=MH? New Designator=MH5
Change Component Designator: Old Designator=MH? New Designator=MH6
Change Component Designator: Old Designator=MH? New Designator=MH7
Change Component Designator: Old Designator=MH? New Designator=MH8
Change Component Designator: Old Designator=R? New Designator=R117
Change Component Designator: Old Designator=R? New Designator=R118
Change Component Designator: Old Designator=R? New Designator=R119
Change Component Designator: Old Designator=R? New Designator=R120
Change Component Designator: Old Designator=R? New Designator=R121
Change Component Designator: Old Designator=R? New Designator=R122
Change Component Designator: Old Designator=R? New Designator=R123
Change Component Designator: Old Designator=R? New Designator=R124
Change Component Designator: Old Designator=R? New Designator=R125
Change Component Designator: Old Designator=R? New Designator=R126
Change Component Designator: Old Designator=SW? New Designator=SW3
Change Component Designator: Old Designator=U? New Designator=U19
Change Component Designator: Old Designator=U? New Designator=U20
